[2026-03-12] #0001  Cleaned up unused imports  // initial zonestrike.py
[2026-03-12] #0002  Refactored module structure  // Add requirements.txt (dnspython)
[2026-03-12] #0003  Optimised query performance  // versão 1.1.9
[2026-03-12] #0004  Added input validation  // v1.2.0: add HTML report generation (per-host + index)
[2026-03-12] #0005  Added input validation  // v1.3.0: two-phase scan + host listing + HTML dir + clic
[2026-03-12] #0006  Updated inline documentation  // v1.3.0: two-phase scan + host listing + HTML dir + clic
[2026-03-12] #0007  Cleaned up unused imports  // ZoneStrike v1.5.1: robust scan queue, NS/resolver fallb
[2026-03-12] #0008  Added guard clause  // Versão 1.5.2
[2026-03-12] #0009  Improved variable naming  // ZoneStrike v1.5.3: interactive mode, rich HTML reports,
[2026-03-12] #0010  Simplified loop with list comprehension  // excluido pastas e documentos de teste
[2026-03-12] #0011  Centralised constants  // adicionado READ.ME, LICENCE e .gitignore
[2026-03-12] #0012  Added edge-case handling  // ZoneStrike v1.7.0: clean auto mode (target/top/report) 
[2026-03-12] #0013  Refactored module structure  // Update ZoneStrike
[2026-03-12] #0014  Improved variable naming  // Add live real-time output for discovery/scan/enrich
[2026-03-12] #0015  Extracted helper function  // Teste final realizado
[2026-03-12] #0016  Added input validation  // excluido os testes
[2026-03-12] #0017  Reorganised folder structure  // adcionado report
[2026-03-12] #0018  Reviewed setup instructions  // Realizado testes finais em hambientes gratuitos e contr
[2026-03-12] #0019  Refactored module structure  // ZoneStrike v1.7.1: clean auto mode (target/top/report) 
[2026-03-12] #0020  Added guard clause  // Update README.md
[2026-03-12] #0021  Extracted helper function  // Update LinkedIn link format in README
